# JRE version: OpenJDK Runtime Environment (11.0.12+7) (build 11.0.12+7-b1504.28-7817840)
# Java VM: OpenJDK 64-Bit Server VM (11.0.12+7-b1504.28-7817840, mixed mode, tiered, compressed oops, g1 gc, windows-amd64)
Heap:
 garbage-first heap   total 672768K, used 248575K [0x0000000080000000, 0x0000000100000000)
  region size 1024K, 1 young (1024K), 1 survivors (1024K)
 Metaspace       used 107573K, capacity 110273K, committed 110636K, reserved 1144832K
  class space    used 14101K, capacity 15138K, committed 15232K, reserved 1048576K
GC Heap History (20 events):
Event: 17.669 GC heap after
{Heap after GC invocations=30 (full 0):
 garbage-first heap   total 253952K, used 202283K [0x0000000080000000, 0x0000000100000000)
  region size 1024K, 3 young (3072K), 3 survivors (3072K)
 Metaspace       used 104031K, capacity 106362K, committed 107820K, reserved 1142784K
  class space    used 13620K, capacity 14507K, committed 14976K, reserved 1048576K
}
Event: 17.690 GC heap before
{Heap before GC invocations=30 (full 0):
 garbage-first heap   total 253952K, used 214571K [0x0000000080000000, 0x0000000100000000)
  region size 1024K, 15 young (15360K), 3 survivors (3072K)
 Metaspace       used 104033K, capacity 106362K, committed 107820K, reserved 1142784K
  class space    used 13620K, capacity 14507K, committed 14976K, reserved 1048576K
}
Event: 17.698 GC heap after
{Heap after GC invocations=31 (full 0):
 garbage-first heap   total 305152K, used 209377K [0x0000000080000000, 0x0000000100000000)
  region size 1024K, 2 young (2048K), 2 survivors (2048K)
 Metaspace       used 104033K, capacity 106362K, committed 107820K, reserved 1142784K
  class space    used 13620K, capacity 14507K, committed 14976K, reserved 1048576K
}
Event: 17.737 GC heap before
{Heap before GC invocations=31 (full 0):
 garbage-first heap   total 305152K, used 238049K [0x0000000080000000, 0x0000000100000000)
  region size 1024K, 31 young (31744K), 2 survivors (2048K)
 Metaspace       used 104071K, capacity 106433K, committed 107820K, reserved 1142784K
  class space    used 13620K, capacity 14507K, committed 14976K, reserved 1048576K
}
Event: 17.748 GC heap after
{Heap after GC invocations=32 (full 0):
 garbage-first heap   total 305152K, used 225251K [0x0000000080000000, 0x0000000100000000)
  region size 1024K, 4 young (4096K), 4 survivors (4096K)
 Metaspace       used 104071K, capacity 106433K, committed 107820K, reserved 1142784K
  class space    used 13620K, capacity 14507K, committed 14976K, reserved 1048576K
}
Event: 17.771 GC heap before
{Heap before GC invocations=32 (full 0):
 garbage-first heap   total 305152K, used 247779K [0x0000000080000000, 0x0000000100000000)
  region size 1024K, 26 young (26624K), 4 survivors (4096K)
 Metaspace       used 104081K, capacity 106434K, committed 107820K, reserved 1142784K
  class space    used 13620K, capacity 14507K, committed 14976K, reserved 1048576K
}
Event: 17.782 GC heap after
{Heap after GC invocations=33 (full 0):
 garbage-first heap   total 305152K, used 238264K [0x0000000080000000, 0x0000000100000000)
  region size 1024K, 4 young (4096K), 4 survivors (4096K)
 Metaspace       used 104081K, capacity 106434K, committed 107820K, reserved 1142784K
  class space    used 13620K, capacity 14507K, committed 14976K, reserved 1048576K
}
Event: 17.800 GC heap before
{Heap before GC invocations=33 (full 0):
 garbage-first heap   total 305152K, used 254648K [0x0000000080000000, 0x0000000100000000)
  region size 1024K, 20 young (20480K), 4 survivors (4096K)
 Metaspace       used 104093K, capacity 106434K, committed 107820K, reserved 1142784K
  class space    used 13621K, capacity 14507K, committed 14976K, reserved 1048576K
}
Event: 17.808 GC heap after
{Heap after GC invocations=34 (full 0):
 garbage-first heap   total 305152K, used 247241K [0x0000000080000000, 0x0000000100000000)
  region size 1024K, 3 young (3072K), 3 survivors (3072K)
 Metaspace       used 104093K, capacity 106434K, committed 107820K, reserved 1142784K
  class space    used 13621K, capacity 14507K, committed 14976K, reserved 1048576K
}
Event: 17.824 GC heap before
{Heap before GC invocations=34 (full 0):
 garbage-first heap   total 305152K, used 258505K [0x0000000080000000, 0x0000000100000000)
  region size 1024K, 15 young (15360K), 3 survivors (3072K)
 Metaspace       used 104094K, capacity 106434K, committed 107820K, reserved 1142784K
  class space    used 13621K, capacity 14507K, committed 14976K, reserved 1048576K
}
Event: 17.831 GC heap after
{Heap after GC invocations=35 (full 0):
 garbage-first heap   total 305152K, used 253894K [0x0000000080000000, 0x0000000100000000)
  region size 1024K, 2 young (2048K), 2 survivors (2048K)
 Metaspace       used 104094K, capacity 106434K, committed 107820K, reserved 1142784K
  class space    used 13621K, capacity 14507K, committed 14976K, reserved 1048576K
}
Event: 17.861 GC heap before
{Heap before GC invocations=35 (full 0):
 garbage-first heap   total 305152K, used 264134K [0x0000000080000000, 0x0000000100000000)
  region size 1024K, 14 young (14336K), 2 survivors (2048K)
 Metaspace       used 104095K, capacity 106434K, committed 107820K, reserved 1142784K
  class space    used 13621K, capacity 14507K, committed 14976K, reserved 1048576K
}
Event: 17.869 GC heap after
{Heap after GC invocations=36 (full 0):
 garbage-first heap   total 412672K, used 259983K [0x0000000080000000, 0x0000000100000000)
  region size 1024K, 2 young (2048K), 2 survivors (2048K)
 Metaspace       used 104095K, capacity 106434K, committed 107820K, reserved 1142784K
  class space    used 13621K, capacity 14507K, committed 14976K, reserved 1048576K
}
Event: 18.199 GC heap before
{Heap before GC invocations=37 (full 0):
 garbage-first heap   total 412672K, used 302991K [0x0000000080000000, 0x0000000100000000)
  region size 1024K, 45 young (46080K), 2 survivors (2048K)
 Metaspace       used 106511K, capacity 109050K, committed 109868K, reserved 1144832K
  class space    used 13961K, capacity 14901K, committed 15232K, reserved 1048576K
}
Event: 18.210 GC heap after
{Heap after GC invocations=38 (full 0):
 garbage-first heap   total 412672K, used 267392K [0x0000000080000000, 0x0000000100000000)
  region size 1024K, 6 young (6144K), 6 survivors (6144K)
 Metaspace       used 106511K, capacity 109050K, committed 109868K, reserved 1144832K
  class space    used 13961K, capacity 14901K, committed 15232K, reserved 1048576K
}
Event: 18.417 GC heap before
{Heap before GC invocations=38 (full 0):
 garbage-first heap   total 412672K, used 311424K [0x0000000080000000, 0x0000000100000000)
  region size 1024K, 50 young (51200K), 6 survivors (6144K)
 Metaspace       used 107190K, capacity 109892K, committed 110380K, reserved 1144832K
  class space    used 14075K, capacity 15095K, committed 15232K, reserved 1048576K
}
Event: 18.428 GC heap after
{Heap after GC invocations=39 (full 0):
 garbage-first heap   total 412672K, used 268726K [0x0000000080000000, 0x0000000100000000)
  region size 1024K, 1 young (1024K), 1 survivors (1024K)
 Metaspace       used 107190K, capacity 109892K, committed 110380K, reserved 1144832K
  class space    used 14075K, capacity 15095K, committed 15232K, reserved 1048576K
}
Event: 18.758 GC heap before
{Heap before GC invocations=40 (full 0):
 garbage-first heap   total 412672K, used 299446K [0x0000000080000000, 0x0000000100000000)
  region size 1024K, 48 young (49152K), 1 survivors (1024K)
 Metaspace       used 107568K, capacity 110269K, committed 110636K, reserved 1144832K
  class space    used 14100K, capacity 15137K, committed 15232K, reserved 1048576K
}
Event: 18.765 GC heap after
{Heap after GC invocations=41 (full 0):
 garbage-first heap   total 412672K, used 258472K [0x0000000080000000, 0x0000000100000000)
  region size 1024K, 6 young (6144K), 6 survivors (6144K)
 Metaspace       used 107568K, capacity 110269K, committed 110636K, reserved 1144832K
  class space    used 14100K, capacity 15137K, committed 15232K, reserved 1048576K
}
Event: 18.790 GC heap before
{Heap before GC invocations=41 (full 0):
 garbage-first heap   total 412672K, used 272808K [0x0000000080000000, 0x0000000100000000)
  region size 1024K, 20 young (20480K), 6 survivors (6144K)
 Metaspace       used 107573K, capacity 110273K, committed 110636K, reserved 1144832K
  class space    used 14101K, capacity 15138K, committed 15232K, reserved 1048576K
}

